<?xml version="1.0" encoding="UTF-8"?>
<!-- Generated by org.testng.reporters.JUnitReportReporter -->
<testsuite hostname="ROOPANT" failures="0" tests="1" name="testassignment.AmazonTest" time="34.310" errors="0" timestamp="2024-02-07T20:26:18 MST" skipped="0">
  <testcase classname="testassignment.AmazonTest" name="buyProduct1" time="34.310"/>
</testsuite> <!-- testassignment.AmazonTest -->
